<?xml version="1.0" encoding="UTF-8"?>
<testng-results skipped="0" failed="0" ignored="0" total="3" passed="3">
  <reporter-output>
  </reporter-output>
  <suite name="Default suite" duration-ms="110" started-at="2019-07-15T04:06:59Z" finished-at="2019-07-15T04:07:00Z">
    <groups>
    </groups>
    <test name="Default test" duration-ms="110" started-at="2019-07-15T04:06:59Z" finished-at="2019-07-15T04:07:00Z">
      <class name="Testcases.testngclass">
        <test-method status="PASS" signature="fbefore()[pri:0, instance:Testcases.testngclass@5579bb86]" name="fbefore" is-config="true" duration-ms="25" started-at="2019-07-15T04:06:59Z" finished-at="2019-07-15T04:06:59Z">
          <reporter-output>
          </reporter-output>
        </test-method> <!-- fbefore -->
        <test-method status="PASS" signature="fbeforeclass()[pri:0, instance:Testcases.testngclass@5579bb86]" name="fbeforeclass" is-config="true" duration-ms="1" started-at="2019-07-15T04:07:00Z" finished-at="2019-07-15T04:07:00Z">
          <reporter-output>
          </reporter-output>
        </test-method> <!-- fbeforeclass -->
        <test-method status="PASS" signature="f()[pri:0, instance:Testcases.testngclass@5579bb86]" name="f" duration-ms="8" started-at="2019-07-15T04:07:00Z" finished-at="2019-07-15T04:07:00Z">
          <reporter-output>
          </reporter-output>
        </test-method> <!-- f -->
        <test-method status="PASS" signature="fbeforemethod()[pri:0, instance:Testcases.testngclass@5579bb86]" name="fbeforemethod" is-config="true" duration-ms="0" started-at="2019-07-15T04:07:00Z" finished-at="2019-07-15T04:07:00Z">
          <reporter-output>
          </reporter-output>
        </test-method> <!-- fbeforemethod -->
        <test-method status="PASS" signature="faftermethod()[pri:0, instance:Testcases.testngclass@5579bb86]" name="faftermethod" is-config="true" duration-ms="2" started-at="2019-07-15T04:07:00Z" finished-at="2019-07-15T04:07:00Z">
          <reporter-output>
          </reporter-output>
        </test-method> <!-- faftermethod -->
        <test-method status="PASS" signature="fbeforemethod()[pri:0, instance:Testcases.testngclass@5579bb86]" name="fbeforemethod" is-config="true" duration-ms="1" started-at="2019-07-15T04:07:00Z" finished-at="2019-07-15T04:07:00Z">
          <reporter-output>
          </reporter-output>
        </test-method> <!-- fbeforemethod -->
        <test-method status="PASS" signature="f2()[pri:1, instance:Testcases.testngclass@5579bb86]" name="f2" duration-ms="2" started-at="2019-07-15T04:07:00Z" finished-at="2019-07-15T04:07:00Z">
          <reporter-output>
          </reporter-output>
        </test-method> <!-- f2 -->
        <test-method status="PASS" signature="faftermethod()[pri:0, instance:Testcases.testngclass@5579bb86]" name="faftermethod" is-config="true" duration-ms="1" started-at="2019-07-15T04:07:00Z" finished-at="2019-07-15T04:07:00Z">
          <reporter-output>
          </reporter-output>
        </test-method> <!-- faftermethod -->
        <test-method status="PASS" signature="f1()[pri:2, instance:Testcases.testngclass@5579bb86]" name="f1" duration-ms="2" started-at="2019-07-15T04:07:00Z" finished-at="2019-07-15T04:07:00Z">
          <reporter-output>
          </reporter-output>
        </test-method> <!-- f1 -->
        <test-method status="PASS" signature="fbeforemethod()[pri:0, instance:Testcases.testngclass@5579bb86]" name="fbeforemethod" is-config="true" duration-ms="0" started-at="2019-07-15T04:07:00Z" finished-at="2019-07-15T04:07:00Z">
          <reporter-output>
          </reporter-output>
        </test-method> <!-- fbeforemethod -->
        <test-method status="PASS" signature="faftermethod()[pri:0, instance:Testcases.testngclass@5579bb86]" name="faftermethod" is-config="true" duration-ms="0" started-at="2019-07-15T04:07:00Z" finished-at="2019-07-15T04:07:00Z">
          <reporter-output>
          </reporter-output>
        </test-method> <!-- faftermethod -->
        <test-method status="PASS" signature="fafter()[pri:0, instance:Testcases.testngclass@5579bb86]" name="fafter" is-config="true" duration-ms="1" started-at="2019-07-15T04:07:00Z" finished-at="2019-07-15T04:07:00Z">
          <reporter-output>
          </reporter-output>
        </test-method> <!-- fafter -->
        <test-method status="PASS" signature="fafterclass()[pri:0, instance:Testcases.testngclass@5579bb86]" name="fafterclass" is-config="true" duration-ms="0" started-at="2019-07-15T04:07:00Z" finished-at="2019-07-15T04:07:00Z">
          <reporter-output>
          </reporter-output>
        </test-method> <!-- fafterclass -->
      </class> <!-- Testcases.testngclass -->
    </test> <!-- Default test -->
  </suite> <!-- Default suite -->
</testng-results>
