<?xml version="1.0" encoding="UTF-8"?>
<!-- Generated by org.testng.reporters.JUnitXMLReporter -->
<testsuite hostname="mane" ignored="2" name="Test(failed)(failed)" tests="2" failures="1" timestamp="30 Jul 2019 04:21:39 GMT" time="0.107" errors="0">
  <testcase name="f2" time="0.011" classname="Testcases.testngclass"/>
  <testcase name="f1" time="0.005" classname="Testcases.testngclass">
    <failure type="java.lang.AssertionError" message="expected [true] but found [false]">
      <![CDATA[java.lang.AssertionError: expected [true] but found [false]
at Testcases.testngclass.f1(testngclass.java:39)
... Removed 29 stack frames]]>
    </failure>
  </testcase> <!-- f1 -->
  <testcase name="exceptionTestOne" time="0.0" classname="Testcases.testngclass">
    <ignored/>
  </testcase> <!-- exceptionTestOne -->
  <testcase name="f" time="0.0" classname="Testcases.testngclass">
    <ignored/>
  </testcase> <!-- f -->
</testsuite> <!-- Test(failed)(failed) -->
