<?xml version="1.0" encoding="UTF-8"?>
<!-- Generated by org.testng.reporters.JUnitXMLReporter -->
<testsuite hostname="mane" ignored="3" name="Test(failed)(failed)(failed)" tests="1" failures="0" timestamp="30 Jul 2019 04:22:15 GMT" time="0.067" errors="0">
  <testcase name="f1" time="0.009" classname="Testcases.testngclass"/>
  <testcase name="exceptionTestOne" time="0.0" classname="Testcases.testngclass">
    <ignored/>
  </testcase> <!-- exceptionTestOne -->
  <testcase name="f" time="0.0" classname="Testcases.testngclass">
    <ignored/>
  </testcase> <!-- f -->
  <testcase name="f2" time="0.0" classname="Testcases.testngclass">
    <ignored/>
  </testcase> <!-- f2 -->
</testsuite> <!-- Test(failed)(failed)(failed) -->
